     1                                  bits 32 ;asamblare și compilare pentru arhitectura de 32 biți
     2                                  ; definim punctul de intrare in programul principal
     3                                  global start
     4                                  
     5                                  ; declaram functiile externe necesare programului nostru 
     6                                  extern exit,printf ; indicam asamblorului ca exit exista, chiar daca noi nu o vom defini
     7                                  import exit msvcrt.dll  ; exit este o functie care incheie procesul, este definita in msvcrt.dll
     8                                          ; msvcrt.dll contine exit, printf si toate celelalte functii C-runtime importante
     9                                  
    10                                  import printf msvcrt.dll
    11                                          
    12                                  ; segmentul de date in care se vor defini variabilele 
    13                                  segment data use32 class=data
    14                                  ; ... 
    15 00000000 2D00                        a dw 45
    16 00000002 7B                          b db 123
    17 00000003 00000000                    c dd 0
    18                                      
    19                                  ; segmentul de cod
    20                                  segment code use32 class=code
    21                                  start:
    22                                  ; ... 
    23                                  
    24                                      ;c(0-3) = 1111
    25                                      ;c(4-7) = a(0-3)
    26                                      ;c(8-13) = 0000
    27                                      ;c(14-23) = a(4-13)
    28                                      ;c(24-29) = b(2-7)
    29                                      ;c(30-31) = 11
    30                                      
    31                                      ;1101_1110_0000_0000_1000_0000_1101_1111
    32                                      
    33 00000000 83E300                      and ebx, 0
    34 00000003 6683CB0F                    or bx, 0000_0000_0000_1111b
    35                                      
    36 00000007 6683E000                    and ax, 0
    37 0000000B 660B05[00000000]            or ax, [a]
    38 00000012 6683E00F                    and ax, 0000_0000_0000_1111b
    39 00000016 66C1E004                    shl ax, 4
    40 0000001A 6609C3                      or bx, ax
    41                                      
    42 0000001D 6681E3FFC0                  and bx, 1100_0000_1111_1111b
    43                                      
    44 00000022 83E000                      and eax, 0
    45 00000025 660B05[00000000]            or ax, [a]
    46 0000002C 6625F03F                    and ax, 0011_1111_1111_0000b
    47 00000030 C1E00A                      shl eax, 10
    48 00000033 09C3                        or ebx, eax
    49                                      
    50 00000035 83E000                      and eax, 0
    51 00000038 0B05[02000000]              or eax, [b]
    52 0000003E 24FC                        and al, 1111_1100b
    53 00000040 C1E016                      shl eax, 22
    54 00000043 09C3                        or ebx, eax
    55                                      
    56 00000045 81CB000000C0                or ebx, 0xC0000000
    57                                      
    58 0000004B 091D[03000000]              or [c], ebx
    59                                      
    60                                      push dword 'a', 0xA
    60          ******************       error: invalid combination of opcode and operands
    61 00000051 E8(00000000)                call printf
    62                                     
    63                                      ; exit(0)
    64 00000056 6A00                        push dword 0 ; se pune pe stiva parametrul functiei exit
    65 00000058 FF15[00000000]              call [exit] ; apelul functiei exit pentru terminarea executiei programului
