     1                                  bits 32 ;asamblare și compilare pentru arhitectura de 32 biți
     2                                  ; definim punctul de intrare in programul principal
     3                                  global start
     4                                  
     5                                  ; declaram functiile externe necesare programului nostru 
     6                                  extern exit ; indicam asamblorului ca exit exista, chiar daca noi nu o vom defini
     7                                  import exit msvcrt.dll  ; exit este o functie care incheie procesul, este definita in msvcrt.dll
     8                                          ; msvcrt.dll contine exit, printf si toate celelalte functii C-runtime importante
     9                                  
    10                                  ; segmentul de date in care se vor defini variabilele 
    11                                  segment data use32 class=data
    12                                  ; ... 
    13 00000000 05                          a db 5
    14 00000001 0600                        b dw 6
    15 00000003 09000000                    c dd 9
    16 00000007 0200000000000000            d dq 2
    17                                  
    18                                  ; segmentul de cod
    19                                  segment code use32 class=code
    20                                  start:
    21                                  ; ... 
    22                                  
    23                                      ;(c+c-a)-(d+d)-b 3
    24                                      
    25 00000000 B800000000                  mov eax, 0
    26 00000005 BA00000000                  mov edx, 0
    27 0000000A BB00000000                  mov ebx, 0
    28 0000000F B900000000                  mov ecx, 0
    29                                      
    30 00000014 A1[03000000]                mov eax, [c]
    31 00000019 0305[03000000]              add eax, [c]
    32 0000001F 2A05[00000000]              sub al, [a]
    33                                      
    34 00000025 8B1D[07000000]              mov ebx, [d]
    35 0000002B 8B15[0B000000]              mov edx, [d+4]
    36                                      
    37 00000031 031D[07000000]              add ebx, [d]
    38 00000037 1315[0B000000]              adc edx, [d+4]
    39                                      
    40 0000003D 29D1                        sub ecx, edx
    41 0000003F 19D8                        sbb eax, ebx
    42                                      
    43 00000041 662B05[01000000]            sub ax, [b]
    44                                      
    45                                      ; exit(0)
    46 00000048 6A00                        push dword 0 ; se pune pe stiva parametrul functiei exit
    47 0000004A FF15[00000000]              call [exit] ; apelul functiei exit pentru terminarea executiei programului
