     1                                  bits 32 ;asamblare și compilare pentru arhitectura de 32 biți
     2                                  ; definim punctul de intrare in programul principal
     3                                  global start
     4                                  
     5                                  ; declaram functiile externe necesare programului nostru 
     6                                  extern exit ; indicam asamblorului ca exit exista, chiar daca noi nu o vom defini
     7                                  import exit msvcrt.dll  ; exit este o functie care incheie procesul, este definita in msvcrt.dll
     8                                          ; msvcrt.dll contine exit, printf si toate celelalte functii C-runtime importante
     9                                  
    10                                  ; segmentul de date in care se vor defini variabilele 
    11                                  segment data use32 class=data
    12                                  ; ... 
    13 00000000 05                          a db 5
    14 00000001 0600                        b dw 6
    15 00000003 09000000                    c dd 9
    16 00000007 0200000000000000            d dq 2
    17                                  
    18                                  ; segmentul de cod
    19                                  segment code use32 class=code
    20                                  start:
    21                                  ; ... 
    22                                  
    23                                      ;(b+b)+(c-a)+d
    24                                      
    25 00000000 B800000000                  mov eax, 0
    26 00000005 BA00000000                  mov edx, 0
    27 0000000A BB00000000                  mov ebx, 0
    28                                      
    29 0000000F 66A1[01000000]              mov ax, [b]
    30 00000015 660305[01000000]            add ax, [b]
    31                                      
    32 0000001C 8B1D[03000000]              mov ebx, [c]
    33 00000022 2A1D[00000000]              sub bl, [a]
    34                                      
    35 00000028 01D8                        add eax, ebx
    36 0000002A 0305[07000000]              add eax, [d]
    37                                      
    38                                      ; exit(0)
    39 00000030 6A00                        push dword 0 ; se pune pe stiva parametrul functiei exit
    40 00000032 FF15[00000000]              call [exit] ; apelul functiei exit pentru terminarea executiei programului
