     1                                  bits 32 ;asamblare și compilare pentru arhitectura de 32 biți
     2                                  ; definim punctul de intrare in programul principal
     3                                  global start
     4                                  
     5                                  ; declaram functiile externe necesare programului nostru 
     6                                  extern exit ; indicam asamblorului ca exit exista, chiar daca noi nu o vom defini
     7                                  import exit msvcrt.dll  ; exit este o functie care incheie procesul, este definita in msvcrt.dll
     8                                          ; msvcrt.dll contine exit, printf si toate celelalte functii C-runtime importante
     9                                  
    10                                  ; segmentul de date in care se vor defini variabilele 
    11                                  segment data use32 class=data
    12                                  ; ... 
    13 00000000 08                          a db 8
    14 00000001 06                          b db 6
    15 00000002 FD                          c db -3
    16 00000003 02000000                    d dd 2
    17 00000007 F4FFFFFFFFFFFFFF            e dq -12
    18                                  
    19                                  ; segmentul de cod
    20                                  segment code use32 class=code
    21                                  start:
    22                                  ; ... 
    23                                  
    24                                      ;2/(a+b*c-9)+e-d
    25                                   
    26 00000000 A0[01000000]                mov al, [b]
    27 00000005 F62D[02000000]              imul byte[c]
    28 0000000B 6699                        cwd
    29 0000000D 660305[00000000]            add ax, [a]
    30 00000014 6683E809                    sub ax, 9
    31                                      
    32 00000018 6689C3                      mov bx, ax
    33 0000001B 66B80200                    mov ax, 2
    34 0000001F 66F7FB                      idiv bx
    35 00000022 98                          cwde
    36                                      
    37 00000023 0305[07000000]              add eax, [e]
    38 00000029 99                          cdq
    39 0000002A 0315[0B000000]              add edx, [e+4]
    40                                      
    41 00000030 2B05[03000000]              sub eax, [d]
    42                                      
    43                                      ; exit(0)
    44 00000036 6A00                        push dword 0 ; se pune pe stiva parametrul functiei exit
    45 00000038 FF15[00000000]              call [exit] ; apelul functiei exit pentru terminarea executiei programului
