     1                                  bits 32 ;asamblare și compilare pentru arhitectura de 32 biți
     2                                  ; definim punctul de intrare in programul principal
     3                                  global start
     4                                  
     5                                  ; declaram functiile externe necesare programului nostru 
     6                                  extern exit ; indicam asamblorului ca exit exista, chiar daca noi nu o vom defini
     7                                  import exit msvcrt.dll  ; exit este o functie care incheie procesul, este definita in msvcrt.dll
     8                                          ; msvcrt.dll contine exit, printf si toate celelalte functii C-runtime importante
     9                                  
    10                                  ; segmentul de date in care se vor defini variabilele 
    11                                  segment data use32 class=data
    12                                  ; ... 
    13 00000000 08                          a db 8
    14 00000001 06000000                    b dd 6
    15 00000005 03                          c db 3
    16 00000006 0C00000000000000            x dq 12
    17                                  
    18                                  ; segmentul de cod
    19                                  segment code use32 class=code
    20                                  start:
    21                                  ; ... 
    22                                  
    23                                      ;x-(a*a+b)/(a+c/a)
    24 00000000 B800000000                  mov eax, 0
    25 00000005 A0[05000000]                mov al, [c]
    26 0000000A F635[00000000]              div byte[a]
    27 00000010 B400                        mov ah, 0
    28                                      
    29 00000012 0205[00000000]              add al, [a]
    30 00000018 88C3                        mov bl, al
    31                                      
    32 0000001A A0[00000000]                mov al, [a]
    33 0000001F F625[00000000]              mul byte[a]
    34 00000025 660305[01000000]            add ax, [b]
    35                                      
    36 0000002C F6F3                        div bl
    37 0000002E 88C3                        mov bl, al
    38                                      
    39 00000030 A1[06000000]                mov eax, [x]
    40 00000035 8B15[0A000000]              mov edx, [x+4]
    41                                      
    42 0000003B 28D8                        sub al, bl
    43                                      
    44                                      ; exit(0)
    45 0000003D 6A00                        push dword 0 ; se pune pe stiva parametrul functiei exit
    46 0000003F FF15[00000000]              call [exit] ; apelul functiei exit pentru terminarea executiei programului
