     1                                  bits 32 ;asamblare și compilare pentru arhitectura de 32 biți
     2                                  ; definim punctul de intrare in programul principal
     3                                  global start
     4                                  
     5                                  ; declaram functiile externe necesare programului nostru 
     6                                  extern exit ; indicam asamblorului ca exit exista, chiar daca noi nu o vom defini
     7                                  import exit msvcrt.dll  ; exit este o functie care incheie procesul, este definita in msvcrt.dll
     8                                          ; msvcrt.dll contine exit, printf si toate celelalte functii C-runtime importante
     9                                  
    10                                  ; segmentul de date in care se vor defini variabilele 
    11                                  segment data use32 class=data
    12                                  ; ... 
    13 00000000 F8                          a db -8
    14 00000001 FAFFFFFF                    b dd -6
    15 00000005 03                          c db 3
    16 00000006 0C00000000000000            x dq 12
    17                                  
    18                                  ; segmentul de cod
    19                                  segment code use32 class=code
    20                                  start:
    21                                  ; ... 
    22                                  
    23                                      ;x-(a*a+b)/(a+c/a)
    24                                      
    25 00000000 A0[05000000]                mov al, [c]
    26 00000005 6698                        cbw
    27 00000007 6699                        cwd
    28 00000009 F63D[00000000]              idiv byte[a]
    29 0000000F 6698                        cbw
    30                                      
    31 00000011 0205[00000000]              add al, [a]
    32 00000017 88C3                        mov bl, al
    33                                      
    34 00000019 A0[00000000]                mov al, [a]
    35 0000001E F62D[00000000]              imul byte[a]
    36 00000024 660305[01000000]            add ax, [b]
    37                                      
    38 0000002B F6FB                        idiv bl
    39 0000002D 88C3                        mov bl, al
    40                                      
    41 0000002F A1[06000000]                mov eax, [x]
    42 00000034 8B15[0A000000]              mov edx, [x+4]
    43                                      
    44 0000003A 28D8                        sub al, bl
    45                                      
    46                                      ; exit(0)
    47 0000003C 6A00                        push dword 0 ; se pune pe stiva parametrul functiei exit
    48 0000003E FF15[00000000]              call [exit] ; apelul functiei exit pentru terminarea executiei programului
