     1                                  bits 32 ;asamblare și compilare pentru arhitectura de 32 biți
     2                                  ; definim punctul de intrare in programul principal
     3                                  global start
     4                                  
     5                                  ; declaram functiile externe necesare programului nostru 
     6                                  extern exit ; indicam asamblorului ca exit exista, chiar daca noi nu o vom defini
     7                                  import exit msvcrt.dll  ; exit este o functie care incheie procesul, este definita in msvcrt.dll
     8                                          ; msvcrt.dll contine exit, printf si toate celelalte functii C-runtime importante
     9                                  
    10                                  ; segmentul de date in care se vor defini variabilele 
    11                                  segment data use32 class=data
    12                                  ; ... 
    13 00000000 0800                        a dw 8
    14 00000002 F1FF                        b dw -15
    15 00000004 0200                        c dw 2
    16 00000006 0500                        d dw 5
    17                                  ; segmentul de cod
    18                                  segment code use32 class=code
    19                                  start:
    20                                  ; ... 
    21 00000000 6699                        cwd
    22                                      ;mov eax, 0
    23 00000002 66A1[04000000]              mov ax, [c]
    24 00000008 6699                        cwd
    25 0000000A 660305[02000000]            add ax, [b]
    26                                      
    27 00000011 662B05[00000000]            sub ax, [a]
    28                                      
    29                                      ;mov edx, 0
    30                                      ;mov dx, [d]
    31                                      ;add dx, [d]
    32                                      
    33                                      ;sub ax, dx
    34                                      
    35 00000018 662B05[06000000]            sub ax, [d]
    36 0000001F 662B05[06000000]            sub ax, [d]
    37 00000026 6699                        cwd
    38                                      ; exit(0)
    39 00000028 6A00                        push dword 0 ; se pune pe stiva parametrul functiei exit
    40 0000002A FF15[00000000]              call [exit] ; apelul functiei exit pentru terminarea executiei programului
