     1                                  bits 32 ;asamblare și compilare pentru arhitectura de 32 biți
     2                                  ; definim punctul de intrare in programul principal
     3                                  global start
     4                                  
     5                                  ; declaram functiile externe necesare programului nostru 
     6                                  extern exit ; indicam asamblorului ca exit exista, chiar daca noi nu o vom defini
     7                                  import exit msvcrt.dll  ; exit este o functie care incheie procesul, este definita in msvcrt.dll
     8                                          ; msvcrt.dll contine exit, printf si toate celelalte functii C-runtime importante
     9                                  
    10                                  ; segmentul de date in care se vor defini variabilele 
    11                                  segment data use32 class=data
    12                                  ; ... 
    13 00000000 08                          a db 8
    14 00000001 03                          b db 3
    15 00000002 02                          c db 2
    16 00000003 19                          d db 25
    17                                      
    18 00000004 5A00                        e dw 90
    19 00000006 0700                        f dw 7
    20 00000008 0A00                        g dw 10
    21 0000000A 0C00                        h dw 12
    22                                  
    23                                  ; segmentul de cod
    24                                  segment code use32 class=code
    25                                  start:
    26                                  ; ... 
    27 00000000 B800000000                  mov eax, 0
    28 00000005 BA00000000                  mov edx, 0
    29 0000000A BB00000000                  mov ebx, 0
    30                                      
    31 0000000F A0[00000000]                mov al, [a]
    32 00000014 F625[00000000]              mul byte[a]
    33 0000001A 668B1D[04000000]            mov bx, [e]
    34 00000021 6629C3                      sub bx, ax 
    35                                     
    36                                      ; exit(0)
    37 00000024 6A00                        push dword 0 ; se pune pe stiva parametrul functiei exit
    38 00000026 FF15[00000000]              call [exit] ; apelul functiei exit pentru terminarea executiei programului
