     1                                  bits 32 ;asamblare și compilare pentru arhitectura de 32 biți
     2                                  ; definim punctul de intrare in programul principal
     3                                  global start
     4                                  
     5                                  ; declaram functiile externe necesare programului nostru 
     6                                  extern exit ; indicam asamblorului ca exit exista, chiar daca noi nu o vom defini
     7                                  import exit msvcrt.dll  ; exit este o functie care incheie procesul, este definita in msvcrt.dll
     8                                          ; msvcrt.dll contine exit, printf si toate celelalte functii C-runtime importante
     9                                  
    10                                  ; segmentul de date in care se vor defini variabilele 
    11                                  segment data use32 class=data
    12                                  ; ... 
    13 00000000 08                          a db 8
    14 00000001 03                          b db 3
    15 00000002 02                          c db 2
    16 00000003 02                          d db 2
    17                                      
    18 00000004 5A00                        e dw 90
    19 00000006 0700                        f dw 7
    20 00000008 0A00                        g dw 10
    21 0000000A 0C00                        h dw 12
    22                                  
    23                                  ; segmentul de cod
    24                                  segment code use32 class=code
    25                                  start:
    26                                  ; ... 
    27 00000000 B800000000                  mov eax, 0
    28 00000005 BA00000000                  mov edx, 0
    29 0000000A BB00000000                  mov ebx, 0
    30                                      
    31 0000000F 66A1[0A000000]              mov ax, [h]
    32 00000015 F635[00000000]              div byte[a]
    33 0000001B 88C3                        mov bl, al
    34                                      
    35 0000001D 66B80000                    mov ax, 0
    36                                      
    37 00000021 B002                        mov al, 2
    38 00000023 0205[01000000]              add al, [b]
    39                                      
    40 00000029 00C3                        add bl, al
    41                                      
    42 0000002B 66A1[06000000]              mov ax, [f]
    43 00000031 F635[03000000]              div byte[d]
    44 00000037 00C3                        add bl, al
    45                                      
    46 00000039 66A1[08000000]              mov ax, [g]
    47 0000003F F635[02000000]              div byte[c]
    48 00000045 28C3                        sub bl, al
    49                                      
    50                                      ; exit(0)
    51 00000047 6A00                        push dword 0 ; se pune pe stiva parametrul functiei exit
    52 00000049 FF15[00000000]              call [exit] ; apelul functiei exit pentru terminarea executiei programului
